2025/07/07 21:34:15 [notice] 1#1: using the "epoll" event method
2025/07/07 21:34:15 [notice] 1#1: nginx/1.27.5
2025/07/07 21:34:15 [notice] 1#1: built by gcc 14.2.0 (Alpine 14.2.0) 
2025/07/07 21:34:15 [notice] 1#1: OS: Linux 6.15.4-100.fc41.x86_64
2025/07/07 21:34:15 [notice] 1#1: getrlimit(RLIMIT_NOFILE): 1073741816:1073741816
2025/07/07 21:34:15 [notice] 1#1: start worker processes
2025/07/07 21:34:15 [notice] 1#1: start worker process 20
2025/07/07 21:34:15 [notice] 1#1: start worker process 21
2025/07/07 21:34:15 [notice] 1#1: start worker process 22
2025/07/07 21:34:15 [notice] 1#1: start worker process 23
2025/07/07 21:34:15 [notice] 1#1: start worker process 24
2025/07/07 21:34:15 [notice] 1#1: start worker process 25
2025/07/07 21:34:15 [notice] 1#1: start worker process 26
2025/07/07 21:34:15 [notice] 1#1: start worker process 27
2025/07/07 21:34:15 [notice] 1#1: start worker process 28
2025/07/07 21:34:15 [notice] 1#1: start worker process 29
2025/07/07 21:34:15 [notice] 1#1: start worker process 30
2025/07/07 21:34:15 [notice] 1#1: start worker process 31
2025/07/07 21:34:15 [notice] 1#1: start worker process 32
2025/07/07 21:34:15 [notice] 1#1: start worker process 33
2025/07/07 21:34:15 [notice] 1#1: start worker process 34
2025/07/07 21:34:15 [notice] 1#1: start worker process 35
2025/07/07 21:35:16 [notice] 1#1: signal 3 (SIGQUIT) received, shutting down
2025/07/07 21:35:16 [notice] 21#21: gracefully shutting down
2025/07/07 21:35:16 [notice] 20#20: gracefully shutting down
2025/07/07 21:35:16 [notice] 23#23: gracefully shutting down
2025/07/07 21:35:16 [notice] 22#22: gracefully shutting down
2025/07/07 21:35:16 [notice] 24#24: gracefully shutting down
2025/07/07 21:35:16 [notice] 25#25: gracefully shutting down
2025/07/07 21:35:16 [notice] 28#28: gracefully shutting down
2025/07/07 21:35:16 [notice] 26#26: gracefully shutting down
2025/07/07 21:35:16 [notice] 29#29: gracefully shutting down
2025/07/07 21:35:16 [notice] 27#27: gracefully shutting down
2025/07/07 21:35:16 [notice] 21#21: exiting
2025/07/07 21:35:16 [notice] 20#20: exiting
2025/07/07 21:35:16 [notice] 23#23: exiting
2025/07/07 21:35:16 [notice] 22#22: exiting
2025/07/07 21:35:16 [notice] 24#24: exiting
2025/07/07 21:35:16 [notice] 25#25: exiting
2025/07/07 21:35:16 [notice] 28#28: exiting
2025/07/07 21:35:16 [notice] 29#29: exiting
2025/07/07 21:35:16 [notice] 26#26: exiting
2025/07/07 21:35:16 [notice] 27#27: exiting
2025/07/07 21:35:16 [notice] 24#24: exit
2025/07/07 21:35:16 [notice] 20#20: exit
2025/07/07 21:35:16 [notice] 22#22: exit
2025/07/07 21:35:16 [notice] 23#23: exit
2025/07/07 21:35:16 [notice] 21#21: exit
2025/07/07 21:35:16 [notice] 29#29: exit
2025/07/07 21:35:16 [notice] 26#26: exit
2025/07/07 21:35:16 [notice] 25#25: exit
2025/07/07 21:35:16 [notice] 28#28: exit
2025/07/07 21:35:16 [notice] 27#27: exit
2025/07/07 21:35:16 [notice] 30#30: gracefully shutting down
2025/07/07 21:35:16 [notice] 31#31: gracefully shutting down
2025/07/07 21:35:16 [notice] 33#33: gracefully shutting down
2025/07/07 21:35:16 [notice] 32#32: gracefully shutting down
2025/07/07 21:35:16 [notice] 34#34: gracefully shutting down
2025/07/07 21:35:16 [notice] 35#35: gracefully shutting down
2025/07/07 21:35:16 [notice] 30#30: exiting
2025/07/07 21:35:16 [notice] 33#33: exiting
2025/07/07 21:35:16 [notice] 31#31: exiting
2025/07/07 21:35:16 [notice] 32#32: exiting
2025/07/07 21:35:16 [notice] 34#34: exiting
2025/07/07 21:35:16 [notice] 35#35: exiting
2025/07/07 21:35:16 [notice] 30#30: exit
2025/07/07 21:35:16 [notice] 33#33: exit
2025/07/07 21:35:16 [notice] 32#32: exit
2025/07/07 21:35:16 [notice] 34#34: exit
2025/07/07 21:35:16 [notice] 31#31: exit
2025/07/07 21:35:16 [notice] 35#35: exit
2025/07/07 21:35:16 [notice] 1#1: signal 17 (SIGCHLD) received from 29
2025/07/07 21:35:16 [notice] 1#1: worker process 29 exited with code 0
2025/07/07 21:35:16 [notice] 1#1: signal 29 (SIGIO) received
2025/07/07 21:35:16 [notice] 1#1: signal 17 (SIGCHLD) received from 31
2025/07/07 21:35:16 [notice] 1#1: worker process 31 exited with code 0
2025/07/07 21:35:16 [notice] 1#1: signal 29 (SIGIO) received
2025/07/07 21:35:16 [notice] 1#1: signal 17 (SIGCHLD) received from 27
2025/07/07 21:35:16 [notice] 1#1: worker process 27 exited with code 0
2025/07/07 21:35:16 [notice] 1#1: signal 29 (SIGIO) received
2025/07/07 21:35:16 [notice] 1#1: signal 17 (SIGCHLD) received from 26
2025/07/07 21:35:16 [notice] 1#1: worker process 20 exited with code 0
2025/07/07 21:35:16 [notice] 1#1: worker process 26 exited with code 0
2025/07/07 21:35:16 [notice] 1#1: signal 29 (SIGIO) received
2025/07/07 21:35:16 [notice] 1#1: signal 17 (SIGCHLD) received from 34
2025/07/07 21:35:16 [notice] 1#1: worker process 22 exited with code 0
2025/07/07 21:35:16 [notice] 1#1: worker process 34 exited with code 0
2025/07/07 21:35:16 [notice] 1#1: worker process 25 exited with code 0
2025/07/07 21:35:16 [notice] 1#1: worker process 33 exited with code 0
2025/07/07 21:35:16 [notice] 1#1: signal 29 (SIGIO) received
2025/07/07 21:35:16 [notice] 1#1: signal 17 (SIGCHLD) received from 25
2025/07/07 21:35:16 [notice] 1#1: signal 17 (SIGCHLD) received from 35
2025/07/07 21:35:16 [notice] 1#1: worker process 21 exited with code 0
2025/07/07 21:35:16 [notice] 1#1: worker process 23 exited with code 0
2025/07/07 21:35:16 [notice] 1#1: worker process 24 exited with code 0
2025/07/07 21:35:16 [notice] 1#1: worker process 35 exited with code 0
2025/07/07 21:35:16 [notice] 1#1: signal 29 (SIGIO) received
2025/07/07 21:35:16 [notice] 1#1: signal 17 (SIGCHLD) received from 24
2025/07/07 21:35:16 [notice] 1#1: signal 17 (SIGCHLD) received from 28
2025/07/07 21:35:16 [notice] 1#1: worker process 28 exited with code 0
2025/07/07 21:35:16 [notice] 1#1: signal 29 (SIGIO) received
2025/07/07 21:35:16 [notice] 1#1: signal 17 (SIGCHLD) received from 30
2025/07/07 21:35:16 [notice] 1#1: worker process 30 exited with code 0
2025/07/07 21:35:16 [notice] 1#1: signal 17 (SIGCHLD) received from 32
2025/07/07 21:35:16 [notice] 1#1: worker process 32 exited with code 0
2025/07/07 21:35:16 [notice] 1#1: exit
2025/07/07 21:35:18 [notice] 1#1: using the "epoll" event method
2025/07/07 21:35:18 [notice] 1#1: nginx/1.27.5
2025/07/07 21:35:18 [notice] 1#1: built by gcc 14.2.0 (Alpine 14.2.0) 
2025/07/07 21:35:18 [notice] 1#1: OS: Linux 6.15.4-100.fc41.x86_64
2025/07/07 21:35:18 [notice] 1#1: getrlimit(RLIMIT_NOFILE): 1073741816:1073741816
2025/07/07 21:35:18 [notice] 1#1: start worker processes
2025/07/07 21:35:18 [notice] 1#1: start worker process 20
2025/07/07 21:35:18 [notice] 1#1: start worker process 21
2025/07/07 21:35:18 [notice] 1#1: start worker process 22
2025/07/07 21:35:18 [notice] 1#1: start worker process 23
2025/07/07 21:35:18 [notice] 1#1: start worker process 24
2025/07/07 21:35:18 [notice] 1#1: start worker process 25
2025/07/07 21:35:18 [notice] 1#1: start worker process 26
2025/07/07 21:35:18 [notice] 1#1: start worker process 27
2025/07/07 21:35:18 [notice] 1#1: start worker process 28
2025/07/07 21:35:18 [notice] 1#1: start worker process 29
2025/07/07 21:35:18 [notice] 1#1: start worker process 30
2025/07/07 21:35:18 [notice] 1#1: start worker process 31
2025/07/07 21:35:18 [notice] 1#1: start worker process 32
2025/07/07 21:35:18 [notice] 1#1: start worker process 33
2025/07/07 21:35:18 [notice] 1#1: start worker process 34
2025/07/07 21:35:18 [notice] 1#1: start worker process 35
2025/07/07 21:37:19 [notice] 1#1: signal 3 (SIGQUIT) received, shutting down
2025/07/07 21:37:19 [notice] 21#21: gracefully shutting down
2025/07/07 21:37:19 [notice] 20#20: gracefully shutting down
2025/07/07 21:37:19 [notice] 23#23: gracefully shutting down
2025/07/07 21:37:19 [notice] 24#24: gracefully shutting down
2025/07/07 21:37:19 [notice] 26#26: gracefully shutting down
2025/07/07 21:37:19 [notice] 30#30: gracefully shutting down
2025/07/07 21:37:19 [notice] 25#25: gracefully shutting down
2025/07/07 21:37:19 [notice] 21#21: exiting
2025/07/07 21:37:19 [notice] 20#20: exiting
2025/07/07 21:37:19 [notice] 22#22: gracefully shutting down
2025/07/07 21:37:19 [notice] 23#23: exiting
2025/07/07 21:37:19 [notice] 24#24: exiting
2025/07/07 21:37:19 [notice] 26#26: exiting
2025/07/07 21:37:19 [notice] 30#30: exiting
2025/07/07 21:37:19 [notice] 25#25: exiting
2025/07/07 21:37:19 [notice] 22#22: exiting
2025/07/07 21:37:19 [notice] 20#20: exit
2025/07/07 21:37:19 [notice] 21#21: exit
2025/07/07 21:37:19 [notice] 30#30: exit
2025/07/07 21:37:19 [notice] 23#23: exit
2025/07/07 21:37:19 [notice] 26#26: exit
2025/07/07 21:37:19 [notice] 24#24: exit
2025/07/07 21:37:19 [notice] 27#27: gracefully shutting down
2025/07/07 21:37:19 [notice] 22#22: exit
2025/07/07 21:37:19 [notice] 25#25: exit
2025/07/07 21:37:19 [notice] 27#27: exiting
2025/07/07 21:37:19 [notice] 27#27: exit
2025/07/07 21:37:19 [notice] 31#31: gracefully shutting down
2025/07/07 21:37:19 [notice] 28#28: gracefully shutting down
2025/07/07 21:37:19 [notice] 32#32: gracefully shutting down
2025/07/07 21:37:19 [notice] 33#33: gracefully shutting down
2025/07/07 21:37:19 [notice] 29#29: gracefully shutting down
2025/07/07 21:37:19 [notice] 34#34: gracefully shutting down
2025/07/07 21:37:19 [notice] 31#31: exiting
2025/07/07 21:37:19 [notice] 32#32: exiting
2025/07/07 21:37:19 [notice] 28#28: exiting
2025/07/07 21:37:19 [notice] 29#29: exiting
2025/07/07 21:37:19 [notice] 33#33: exiting
2025/07/07 21:37:19 [notice] 34#34: exiting
2025/07/07 21:37:19 [notice] 32#32: exit
2025/07/07 21:37:19 [notice] 29#29: exit
2025/07/07 21:37:19 [notice] 34#34: exit
2025/07/07 21:37:19 [notice] 28#28: exit
2025/07/07 21:37:19 [notice] 31#31: exit
2025/07/07 21:37:19 [notice] 33#33: exit
2025/07/07 21:37:19 [notice] 35#35: gracefully shutting down
2025/07/07 21:37:19 [notice] 35#35: exiting
2025/07/07 21:37:19 [notice] 35#35: exit
2025/07/07 21:37:19 [notice] 1#1: signal 17 (SIGCHLD) received from 22
2025/07/07 21:37:19 [notice] 1#1: worker process 21 exited with code 0
2025/07/07 21:37:19 [notice] 1#1: worker process 22 exited with code 0
2025/07/07 21:37:19 [notice] 1#1: worker process 23 exited with code 0
2025/07/07 21:37:19 [notice] 1#1: worker process 27 exited with code 0
2025/07/07 21:37:19 [notice] 1#1: worker process 28 exited with code 0
2025/07/07 21:37:19 [notice] 1#1: signal 29 (SIGIO) received
2025/07/07 21:37:19 [notice] 1#1: signal 17 (SIGCHLD) received from 21
2025/07/07 21:37:19 [notice] 1#1: signal 17 (SIGCHLD) received from 24
2025/07/07 21:37:19 [notice] 1#1: worker process 24 exited with code 0
2025/07/07 21:37:19 [notice] 1#1: signal 29 (SIGIO) received
2025/07/07 21:37:19 [notice] 1#1: signal 17 (SIGCHLD) received from 25
2025/07/07 21:37:19 [notice] 1#1: worker process 25 exited with code 0
2025/07/07 21:37:19 [notice] 1#1: worker process 26 exited with code 0
2025/07/07 21:37:19 [notice] 1#1: worker process 31 exited with code 0
2025/07/07 21:37:19 [notice] 1#1: worker process 32 exited with code 0
2025/07/07 21:37:19 [notice] 1#1: signal 29 (SIGIO) received
2025/07/07 21:37:19 [notice] 1#1: signal 17 (SIGCHLD) received from 26
2025/07/07 21:37:19 [notice] 1#1: signal 17 (SIGCHLD) received from 34
2025/07/07 21:37:19 [notice] 1#1: worker process 34 exited with code 0
2025/07/07 21:37:19 [notice] 1#1: signal 29 (SIGIO) received
2025/07/07 21:37:19 [notice] 1#1: signal 17 (SIGCHLD) received from 30
2025/07/07 21:37:19 [notice] 1#1: worker process 30 exited with code 0
2025/07/07 21:37:19 [notice] 1#1: signal 29 (SIGIO) received
2025/07/07 21:37:19 [notice] 1#1: signal 17 (SIGCHLD) received from 29
2025/07/07 21:37:19 [notice] 1#1: worker process 29 exited with code 0
2025/07/07 21:37:19 [notice] 1#1: signal 29 (SIGIO) received
2025/07/07 21:37:19 [notice] 1#1: signal 17 (SIGCHLD) received from 33
2025/07/07 21:37:19 [notice] 1#1: worker process 33 exited with code 0
2025/07/07 21:37:19 [notice] 1#1: worker process 35 exited with code 0
2025/07/07 21:37:19 [notice] 1#1: signal 17 (SIGCHLD) received from 20
2025/07/07 21:37:19 [notice] 1#1: worker process 20 exited with code 0
2025/07/07 21:37:19 [notice] 1#1: exit
2025/07/07 21:37:23 [notice] 1#1: using the "epoll" event method
2025/07/07 21:37:23 [notice] 1#1: nginx/1.27.5
2025/07/07 21:37:23 [notice] 1#1: built by gcc 14.2.0 (Alpine 14.2.0) 
2025/07/07 21:37:23 [notice] 1#1: OS: Linux 6.15.4-100.fc41.x86_64
2025/07/07 21:37:23 [notice] 1#1: getrlimit(RLIMIT_NOFILE): 1073741816:1073741816
2025/07/07 21:37:23 [notice] 1#1: start worker processes
2025/07/07 21:37:23 [notice] 1#1: start worker process 20
2025/07/07 21:37:23 [notice] 1#1: start worker process 21
2025/07/07 21:37:23 [notice] 1#1: start worker process 22
2025/07/07 21:37:23 [notice] 1#1: start worker process 23
2025/07/07 21:37:23 [notice] 1#1: start worker process 24
2025/07/07 21:37:23 [notice] 1#1: start worker process 25
2025/07/07 21:37:23 [notice] 1#1: start worker process 26
2025/07/07 21:37:23 [notice] 1#1: start worker process 27
2025/07/07 21:37:23 [notice] 1#1: start worker process 28
2025/07/07 21:37:23 [notice] 1#1: start worker process 29
2025/07/07 21:37:23 [notice] 1#1: start worker process 30
2025/07/07 21:37:23 [notice] 1#1: start worker process 31
2025/07/07 21:37:23 [notice] 1#1: start worker process 32
2025/07/07 21:37:23 [notice] 1#1: start worker process 33
2025/07/07 21:37:23 [notice] 1#1: start worker process 34
2025/07/07 21:37:23 [notice] 1#1: start worker process 35
2025/07/07 21:39:40 [notice] 1#1: signal 3 (SIGQUIT) received, shutting down
2025/07/07 21:39:40 [notice] 20#20: gracefully shutting down
2025/07/07 21:39:40 [notice] 21#21: gracefully shutting down
2025/07/07 21:39:40 [notice] 22#22: gracefully shutting down
2025/07/07 21:39:40 [notice] 23#23: gracefully shutting down
2025/07/07 21:39:40 [notice] 24#24: gracefully shutting down
2025/07/07 21:39:40 [notice] 26#26: gracefully shutting down
2025/07/07 21:39:40 [notice] 25#25: gracefully shutting down
2025/07/07 21:39:40 [notice] 29#29: gracefully shutting down
2025/07/07 21:39:40 [notice] 28#28: gracefully shutting down
2025/07/07 21:39:40 [notice] 20#20: exiting
2025/07/07 21:39:40 [notice] 22#22: exiting
2025/07/07 21:39:40 [notice] 21#21: exiting
2025/07/07 21:39:40 [notice] 23#23: exiting
2025/07/07 21:39:40 [notice] 24#24: exiting
2025/07/07 21:39:40 [notice] 26#26: exiting
2025/07/07 21:39:40 [notice] 25#25: exiting
2025/07/07 21:39:40 [notice] 29#29: exiting
2025/07/07 21:39:40 [notice] 28#28: exiting
2025/07/07 21:39:40 [notice] 25#25: exit
2025/07/07 21:39:40 [notice] 23#23: exit
2025/07/07 21:39:40 [notice] 20#20: exit
2025/07/07 21:39:40 [notice] 24#24: exit
2025/07/07 21:39:40 [notice] 29#29: exit
2025/07/07 21:39:40 [notice] 26#26: exit
2025/07/07 21:39:40 [notice] 22#22: exit
2025/07/07 21:39:40 [notice] 21#21: exit
2025/07/07 21:39:40 [notice] 28#28: exit
2025/07/07 21:39:40 [notice] 27#27: gracefully shutting down
2025/07/07 21:39:40 [notice] 31#31: gracefully shutting down
2025/07/07 21:39:40 [notice] 32#32: gracefully shutting down
2025/07/07 21:39:40 [notice] 30#30: gracefully shutting down
2025/07/07 21:39:40 [notice] 33#33: gracefully shutting down
2025/07/07 21:39:40 [notice] 35#35: gracefully shutting down
2025/07/07 21:39:40 [notice] 27#27: exiting
2025/07/07 21:39:40 [notice] 31#31: exiting
2025/07/07 21:39:40 [notice] 32#32: exiting
2025/07/07 21:39:40 [notice] 30#30: exiting
2025/07/07 21:39:40 [notice] 33#33: exiting
2025/07/07 21:39:40 [notice] 35#35: exiting
2025/07/07 21:39:40 [notice] 27#27: exit
2025/07/07 21:39:40 [notice] 31#31: exit
2025/07/07 21:39:40 [notice] 32#32: exit
2025/07/07 21:39:40 [notice] 30#30: exit
2025/07/07 21:39:40 [notice] 33#33: exit
2025/07/07 21:39:40 [notice] 35#35: exit
2025/07/07 21:39:40 [notice] 34#34: gracefully shutting down
2025/07/07 21:39:40 [notice] 34#34: exiting
2025/07/07 21:39:40 [notice] 34#34: exit
2025/07/07 21:39:40 [notice] 1#1: signal 17 (SIGCHLD) received from 34
2025/07/07 21:39:40 [notice] 1#1: worker process 34 exited with code 0
2025/07/07 21:39:40 [notice] 1#1: signal 29 (SIGIO) received
2025/07/07 21:39:40 [notice] 1#1: signal 17 (SIGCHLD) received from 32
2025/07/07 21:39:40 [notice] 1#1: worker process 24 exited with code 0
2025/07/07 21:39:40 [notice] 1#1: worker process 26 exited with code 0
2025/07/07 21:39:40 [notice] 1#1: worker process 30 exited with code 0
2025/07/07 21:39:40 [notice] 1#1: worker process 31 exited with code 0
2025/07/07 21:39:40 [notice] 1#1: worker process 32 exited with code 0
2025/07/07 21:39:40 [notice] 1#1: signal 29 (SIGIO) received
2025/07/07 21:39:40 [notice] 1#1: signal 17 (SIGCHLD) received from 24
2025/07/07 21:39:40 [notice] 1#1: signal 17 (SIGCHLD) received from 27
2025/07/07 21:39:40 [notice] 1#1: worker process 22 exited with code 0
2025/07/07 21:39:40 [notice] 1#1: worker process 27 exited with code 0
2025/07/07 21:39:40 [notice] 1#1: signal 29 (SIGIO) received
2025/07/07 21:39:40 [notice] 1#1: signal 17 (SIGCHLD) received from 25
2025/07/07 21:39:40 [notice] 1#1: worker process 25 exited with code 0
2025/07/07 21:39:40 [notice] 1#1: worker process 35 exited with code 0
2025/07/07 21:39:40 [notice] 1#1: signal 29 (SIGIO) received
2025/07/07 21:39:40 [notice] 1#1: signal 17 (SIGCHLD) received from 35
2025/07/07 21:39:40 [notice] 1#1: signal 17 (SIGCHLD) received from 29
2025/07/07 21:39:40 [notice] 1#1: worker process 29 exited with code 0
2025/07/07 21:39:40 [notice] 1#1: signal 29 (SIGIO) received
2025/07/07 21:39:40 [notice] 1#1: signal 17 (SIGCHLD) received from 20
2025/07/07 21:39:40 [notice] 1#1: worker process 20 exited with code 0
2025/07/07 21:39:40 [notice] 1#1: signal 29 (SIGIO) received
2025/07/07 21:39:40 [notice] 1#1: signal 17 (SIGCHLD) received from 28
2025/07/07 21:39:40 [notice] 1#1: worker process 28 exited with code 0
2025/07/07 21:39:40 [notice] 1#1: signal 29 (SIGIO) received
2025/07/07 21:39:40 [notice] 1#1: signal 17 (SIGCHLD) received from 23
2025/07/07 21:39:40 [notice] 1#1: worker process 23 exited with code 0
2025/07/07 21:39:40 [notice] 1#1: worker process 33 exited with code 0
2025/07/07 21:39:40 [notice] 1#1: signal 17 (SIGCHLD) received from 21
2025/07/07 21:39:40 [notice] 1#1: worker process 21 exited with code 0
2025/07/07 21:39:40 [notice] 1#1: exit
2025/07/07 21:41:49 [notice] 1#1: using the "epoll" event method
2025/07/07 21:41:49 [notice] 1#1: nginx/1.27.5
2025/07/07 21:41:49 [notice] 1#1: built by gcc 14.2.0 (Alpine 14.2.0) 
2025/07/07 21:41:49 [notice] 1#1: OS: Linux 6.15.4-100.fc41.x86_64
2025/07/07 21:41:49 [notice] 1#1: getrlimit(RLIMIT_NOFILE): 1073741816:1073741816
2025/07/07 21:41:49 [notice] 1#1: start worker processes
2025/07/07 21:41:49 [notice] 1#1: start worker process 20
2025/07/07 21:41:49 [notice] 1#1: start worker process 21
2025/07/07 21:41:49 [notice] 1#1: start worker process 22
2025/07/07 21:41:49 [notice] 1#1: start worker process 23
2025/07/07 21:41:49 [notice] 1#1: start worker process 24
2025/07/07 21:41:49 [notice] 1#1: start worker process 25
2025/07/07 21:41:49 [notice] 1#1: start worker process 26
2025/07/07 21:41:49 [notice] 1#1: start worker process 27
2025/07/07 21:41:49 [notice] 1#1: start worker process 28
2025/07/07 21:41:49 [notice] 1#1: start worker process 29
2025/07/07 21:41:49 [notice] 1#1: start worker process 30
2025/07/07 21:41:49 [notice] 1#1: start worker process 31
2025/07/07 21:41:49 [notice] 1#1: start worker process 32
2025/07/07 21:41:49 [notice] 1#1: start worker process 33
2025/07/07 21:41:49 [notice] 1#1: start worker process 34
2025/07/07 21:41:49 [notice] 1#1: start worker process 35
2025/07/07 21:41:50 [notice] 1#1: signal 3 (SIGQUIT) received, shutting down
2025/07/07 21:41:50 [notice] 20#20: gracefully shutting down
2025/07/07 21:41:50 [notice] 20#20: exiting
2025/07/07 21:41:50 [notice] 20#20: exit
2025/07/07 21:41:50 [notice] 23#23: gracefully shutting down
2025/07/07 21:41:50 [notice] 24#24: gracefully shutting down
2025/07/07 21:41:50 [notice] 23#23: exiting
2025/07/07 21:41:50 [notice] 24#24: exiting
2025/07/07 21:41:50 [notice] 23#23: exit
2025/07/07 21:41:50 [notice] 24#24: exit
2025/07/07 21:41:50 [notice] 21#21: gracefully shutting down
2025/07/07 21:41:50 [notice] 21#21: exiting
2025/07/07 21:41:50 [notice] 28#28: gracefully shutting down
2025/07/07 21:41:50 [notice] 28#28: exiting
2025/07/07 21:41:50 [notice] 21#21: exit
2025/07/07 21:41:50 [notice] 28#28: exit
2025/07/07 21:41:50 [notice] 34#34: gracefully shutting down
2025/07/07 21:41:50 [notice] 29#29: gracefully shutting down
2025/07/07 21:41:50 [notice] 34#34: exiting
2025/07/07 21:41:50 [notice] 29#29: exiting
2025/07/07 21:41:50 [notice] 34#34: exit
2025/07/07 21:41:50 [notice] 29#29: exit
2025/07/07 21:41:50 [notice] 33#33: gracefully shutting down
2025/07/07 21:41:50 [notice] 33#33: exiting
2025/07/07 21:41:50 [notice] 33#33: exit
2025/07/07 21:41:50 [notice] 25#25: gracefully shutting down
2025/07/07 21:41:50 [notice] 25#25: exiting
2025/07/07 21:41:50 [notice] 25#25: exit
2025/07/07 21:41:50 [notice] 26#26: gracefully shutting down
2025/07/07 21:41:50 [notice] 26#26: exiting
2025/07/07 21:41:50 [notice] 26#26: exit
2025/07/07 21:41:50 [notice] 31#31: gracefully shutting down
2025/07/07 21:41:50 [notice] 31#31: exiting
2025/07/07 21:41:50 [notice] 31#31: exit
2025/07/07 21:41:50 [notice] 35#35: gracefully shutting down
2025/07/07 21:41:50 [notice] 35#35: exiting
2025/07/07 21:41:50 [notice] 35#35: exit
2025/07/07 21:41:50 [notice] 30#30: gracefully shutting down
2025/07/07 21:41:50 [notice] 30#30: exiting
2025/07/07 21:41:50 [notice] 30#30: exit
2025/07/07 21:41:50 [notice] 27#27: gracefully shutting down
2025/07/07 21:41:50 [notice] 27#27: exiting
2025/07/07 21:41:50 [notice] 27#27: exit
2025/07/07 21:41:50 [notice] 22#22: gracefully shutting down
2025/07/07 21:41:50 [notice] 22#22: exiting
2025/07/07 21:41:50 [notice] 22#22: exit
2025/07/07 21:41:50 [notice] 32#32: gracefully shutting down
2025/07/07 21:41:50 [notice] 32#32: exiting
2025/07/07 21:41:50 [notice] 32#32: exit
2025/07/07 21:41:50 [notice] 1#1: signal 17 (SIGCHLD) received from 20
2025/07/07 21:41:50 [notice] 1#1: worker process 20 exited with code 0
2025/07/07 21:41:50 [notice] 1#1: worker process 23 exited with code 0
2025/07/07 21:41:50 [notice] 1#1: signal 29 (SIGIO) received
2025/07/07 21:41:50 [notice] 1#1: signal 17 (SIGCHLD) received from 30
2025/07/07 21:41:50 [notice] 1#1: worker process 28 exited with code 0
2025/07/07 21:41:50 [notice] 1#1: worker process 30 exited with code 0
2025/07/07 21:41:50 [notice] 1#1: signal 29 (SIGIO) received
2025/07/07 21:41:50 [notice] 1#1: signal 17 (SIGCHLD) received from 28
2025/07/07 21:41:50 [notice] 1#1: signal 17 (SIGCHLD) received from 29
2025/07/07 21:41:50 [notice] 1#1: worker process 29 exited with code 0
2025/07/07 21:41:50 [notice] 1#1: signal 29 (SIGIO) received
2025/07/07 21:41:50 [notice] 1#1: signal 17 (SIGCHLD) received from 33
2025/07/07 21:41:50 [notice] 1#1: worker process 33 exited with code 0
2025/07/07 21:41:50 [notice] 1#1: signal 29 (SIGIO) received
2025/07/07 21:41:50 [notice] 1#1: signal 17 (SIGCHLD) received from 35
2025/07/07 21:41:50 [notice] 1#1: worker process 21 exited with code 0
2025/07/07 21:41:50 [notice] 1#1: worker process 24 exited with code 0
2025/07/07 21:41:50 [notice] 1#1: worker process 25 exited with code 0
2025/07/07 21:41:50 [notice] 1#1: worker process 26 exited with code 0
2025/07/07 21:41:50 [notice] 1#1: worker process 27 exited with code 0
2025/07/07 21:41:50 [notice] 1#1: worker process 35 exited with code 0
2025/07/07 21:41:50 [notice] 1#1: signal 29 (SIGIO) received
2025/07/07 21:41:50 [notice] 1#1: signal 17 (SIGCHLD) received from 27
2025/07/07 21:41:50 [notice] 1#1: worker process 31 exited with code 0
2025/07/07 21:41:50 [notice] 1#1: signal 29 (SIGIO) received
2025/07/07 21:41:50 [notice] 1#1: signal 17 (SIGCHLD) received from 34
2025/07/07 21:41:50 [notice] 1#1: worker process 34 exited with code 0
2025/07/07 21:41:50 [notice] 1#1: signal 29 (SIGIO) received
2025/07/07 21:41:50 [notice] 1#1: signal 17 (SIGCHLD) received from 32
2025/07/07 21:41:50 [notice] 1#1: worker process 32 exited with code 0
2025/07/07 21:41:50 [notice] 1#1: signal 29 (SIGIO) received
2025/07/07 21:41:50 [notice] 1#1: signal 17 (SIGCHLD) received from 22
2025/07/07 21:41:50 [notice] 1#1: worker process 22 exited with code 0
2025/07/07 21:41:50 [notice] 1#1: exit
2025/07/07 21:42:15 [notice] 1#1: using the "epoll" event method
2025/07/07 21:42:15 [notice] 1#1: nginx/1.27.5
2025/07/07 21:42:15 [notice] 1#1: built by gcc 14.2.0 (Alpine 14.2.0) 
2025/07/07 21:42:15 [notice] 1#1: OS: Linux 6.15.4-100.fc41.x86_64
2025/07/07 21:42:15 [notice] 1#1: getrlimit(RLIMIT_NOFILE): 1073741816:1073741816
2025/07/07 21:42:15 [notice] 1#1: start worker processes
2025/07/07 21:42:15 [notice] 1#1: start worker process 20
2025/07/07 21:42:15 [notice] 1#1: start worker process 21
2025/07/07 21:42:15 [notice] 1#1: start worker process 22
2025/07/07 21:42:15 [notice] 1#1: start worker process 23
2025/07/07 21:42:15 [notice] 1#1: start worker process 24
2025/07/07 21:42:15 [notice] 1#1: start worker process 25
2025/07/07 21:42:15 [notice] 1#1: start worker process 26
2025/07/07 21:42:15 [notice] 1#1: start worker process 27
2025/07/07 21:42:15 [notice] 1#1: start worker process 28
2025/07/07 21:42:15 [notice] 1#1: start worker process 29
2025/07/07 21:42:15 [notice] 1#1: start worker process 30
2025/07/07 21:42:15 [notice] 1#1: start worker process 31
2025/07/07 21:42:15 [notice] 1#1: start worker process 32
2025/07/07 21:42:15 [notice] 1#1: start worker process 33
2025/07/07 21:42:15 [notice] 1#1: start worker process 34
2025/07/07 21:42:15 [notice] 1#1: start worker process 35
2025/07/07 21:42:46 [notice] 1#1: signal 3 (SIGQUIT) received, shutting down
2025/07/07 21:42:46 [notice] 20#20: gracefully shutting down
2025/07/07 21:42:46 [notice] 22#22: gracefully shutting down
2025/07/07 21:42:46 [notice] 21#21: gracefully shutting down
2025/07/07 21:42:46 [notice] 23#23: gracefully shutting down
2025/07/07 21:42:46 [notice] 24#24: gracefully shutting down
2025/07/07 21:42:46 [notice] 25#25: gracefully shutting down
2025/07/07 21:42:46 [notice] 26#26: gracefully shutting down
2025/07/07 21:42:46 [notice] 27#27: gracefully shutting down
2025/07/07 21:42:46 [notice] 28#28: gracefully shutting down
2025/07/07 21:42:46 [notice] 29#29: gracefully shutting down
2025/07/07 21:42:46 [notice] 20#20: exiting
2025/07/07 21:42:46 [notice] 21#21: exiting
2025/07/07 21:42:46 [notice] 23#23: exiting
2025/07/07 21:42:46 [notice] 22#22: exiting
2025/07/07 21:42:46 [notice] 24#24: exiting
2025/07/07 21:42:46 [notice] 25#25: exiting
2025/07/07 21:42:46 [notice] 26#26: exiting
2025/07/07 21:42:46 [notice] 27#27: exiting
2025/07/07 21:42:46 [notice] 28#28: exiting
2025/07/07 21:42:46 [notice] 29#29: exiting
2025/07/07 21:42:46 [notice] 23#23: exit
2025/07/07 21:42:46 [notice] 22#22: exit
2025/07/07 21:42:46 [notice] 29#29: exit
2025/07/07 21:42:46 [notice] 20#20: exit
2025/07/07 21:42:46 [notice] 28#28: exit
2025/07/07 21:42:46 [notice] 24#24: exit
2025/07/07 21:42:46 [notice] 26#26: exit
2025/07/07 21:42:46 [notice] 21#21: exit
2025/07/07 21:42:46 [notice] 25#25: exit
2025/07/07 21:42:46 [notice] 27#27: exit
2025/07/07 21:42:46 [notice] 30#30: gracefully shutting down
2025/07/07 21:42:46 [notice] 32#32: gracefully shutting down
2025/07/07 21:42:46 [notice] 31#31: gracefully shutting down
2025/07/07 21:42:46 [notice] 33#33: gracefully shutting down
2025/07/07 21:42:46 [notice] 34#34: gracefully shutting down
2025/07/07 21:42:46 [notice] 35#35: gracefully shutting down
2025/07/07 21:42:46 [notice] 30#30: exiting
2025/07/07 21:42:46 [notice] 34#34: exiting
2025/07/07 21:42:46 [notice] 32#32: exiting
2025/07/07 21:42:46 [notice] 31#31: exiting
2025/07/07 21:42:46 [notice] 33#33: exiting
2025/07/07 21:42:46 [notice] 35#35: exiting
2025/07/07 21:42:46 [notice] 34#34: exit
2025/07/07 21:42:46 [notice] 31#31: exit
2025/07/07 21:42:46 [notice] 30#30: exit
2025/07/07 21:42:46 [notice] 32#32: exit
2025/07/07 21:42:46 [notice] 35#35: exit
2025/07/07 21:42:46 [notice] 33#33: exit
2025/07/07 21:42:46 [notice] 1#1: signal 17 (SIGCHLD) received from 34
2025/07/07 21:42:46 [notice] 1#1: worker process 29 exited with code 0
2025/07/07 21:42:46 [notice] 1#1: worker process 20 exited with code 0
2025/07/07 21:42:46 [notice] 1#1: worker process 25 exited with code 0
2025/07/07 21:42:46 [notice] 1#1: worker process 34 exited with code 0
2025/07/07 21:42:46 [notice] 1#1: signal 29 (SIGIO) received
2025/07/07 21:42:46 [notice] 1#1: signal 17 (SIGCHLD) received from 29
2025/07/07 21:42:46 [notice] 1#1: signal 17 (SIGCHLD) received from 22
2025/07/07 21:42:46 [notice] 1#1: worker process 22 exited with code 0
2025/07/07 21:42:46 [notice] 1#1: signal 29 (SIGIO) received
2025/07/07 21:42:46 [notice] 1#1: signal 17 (SIGCHLD) received from 21
2025/07/07 21:42:46 [notice] 1#1: worker process 21 exited with code 0
2025/07/07 21:42:46 [notice] 1#1: worker process 23 exited with code 0
2025/07/07 21:42:46 [notice] 1#1: worker process 33 exited with code 0
2025/07/07 21:42:46 [notice] 1#1: worker process 32 exited with code 0
2025/07/07 21:42:46 [notice] 1#1: worker process 30 exited with code 0
2025/07/07 21:42:46 [notice] 1#1: signal 29 (SIGIO) received
2025/07/07 21:42:46 [notice] 1#1: signal 17 (SIGCHLD) received from 33
2025/07/07 21:42:46 [notice] 1#1: signal 17 (SIGCHLD) received from 27
2025/07/07 21:42:46 [notice] 1#1: worker process 27 exited with code 0
2025/07/07 21:42:46 [notice] 1#1: signal 17 (SIGCHLD) received from 26
2025/07/07 21:42:46 [notice] 1#1: worker process 24 exited with code 0
2025/07/07 21:42:46 [notice] 1#1: worker process 26 exited with code 0
2025/07/07 21:42:46 [notice] 1#1: worker process 31 exited with code 0
2025/07/07 21:42:46 [notice] 1#1: signal 17 (SIGCHLD) received from 24
2025/07/07 21:42:46 [notice] 1#1: signal 29 (SIGIO) received
2025/07/07 21:42:46 [notice] 1#1: signal 29 (SIGIO) received
2025/07/07 21:42:46 [notice] 1#1: signal 17 (SIGCHLD) received from 28
2025/07/07 21:42:46 [notice] 1#1: worker process 28 exited with code 0
2025/07/07 21:42:46 [notice] 1#1: signal 29 (SIGIO) received
2025/07/07 21:42:46 [notice] 1#1: signal 17 (SIGCHLD) received from 35
2025/07/07 21:42:46 [notice] 1#1: worker process 35 exited with code 0
2025/07/07 21:42:46 [notice] 1#1: exit
2025/07/07 21:42:58 [notice] 1#1: using the "epoll" event method
2025/07/07 21:42:58 [notice] 1#1: nginx/1.27.5
2025/07/07 21:42:58 [notice] 1#1: built by gcc 14.2.0 (Alpine 14.2.0) 
2025/07/07 21:42:58 [notice] 1#1: OS: Linux 6.15.4-100.fc41.x86_64
2025/07/07 21:42:58 [notice] 1#1: getrlimit(RLIMIT_NOFILE): 1073741816:1073741816
2025/07/07 21:42:58 [notice] 1#1: start worker processes
2025/07/07 21:42:58 [notice] 1#1: start worker process 20
2025/07/07 21:42:58 [notice] 1#1: start worker process 21
2025/07/07 21:42:58 [notice] 1#1: start worker process 22
2025/07/07 21:42:58 [notice] 1#1: start worker process 23
2025/07/07 21:42:58 [notice] 1#1: start worker process 24
2025/07/07 21:42:58 [notice] 1#1: start worker process 25
2025/07/07 21:42:58 [notice] 1#1: start worker process 26
2025/07/07 21:42:58 [notice] 1#1: start worker process 27
2025/07/07 21:42:58 [notice] 1#1: start worker process 28
2025/07/07 21:42:58 [notice] 1#1: start worker process 29
2025/07/07 21:42:58 [notice] 1#1: start worker process 30
2025/07/07 21:42:58 [notice] 1#1: start worker process 31
2025/07/07 21:42:58 [notice] 1#1: start worker process 32
2025/07/07 21:42:58 [notice] 1#1: start worker process 33
2025/07/07 21:42:58 [notice] 1#1: start worker process 34
2025/07/07 21:42:58 [notice] 1#1: start worker process 35
2025/07/07 21:44:51 [notice] 1#1: signal 3 (SIGQUIT) received, shutting down
2025/07/07 21:44:51 [notice] 21#21: gracefully shutting down
2025/07/07 21:44:51 [notice] 20#20: gracefully shutting down
2025/07/07 21:44:51 [notice] 22#22: gracefully shutting down
2025/07/07 21:44:51 [notice] 23#23: gracefully shutting down
2025/07/07 21:44:51 [notice] 24#24: gracefully shutting down
2025/07/07 21:44:51 [notice] 21#21: exiting
2025/07/07 21:44:51 [notice] 20#20: exiting
2025/07/07 21:44:51 [notice] 24#24: exiting
2025/07/07 21:44:51 [notice] 23#23: exiting
2025/07/07 21:44:51 [notice] 22#22: exiting
2025/07/07 21:44:51 [notice] 23#23: exit
2025/07/07 21:44:51 [notice] 22#22: exit
2025/07/07 21:44:51 [notice] 20#20: exit
2025/07/07 21:44:51 [notice] 21#21: exit
2025/07/07 21:44:51 [notice] 27#27: gracefully shutting down
2025/07/07 21:44:51 [notice] 29#29: gracefully shutting down
2025/07/07 21:44:51 [notice] 31#31: gracefully shutting down
2025/07/07 21:44:51 [notice] 25#25: gracefully shutting down
2025/07/07 21:44:51 [notice] 27#27: exiting
2025/07/07 21:44:51 [notice] 34#34: gracefully shutting down
2025/07/07 21:44:51 [notice] 29#29: exiting
2025/07/07 21:44:51 [notice] 25#25: exiting
2025/07/07 21:44:51 [notice] 31#31: exiting
2025/07/07 21:44:51 [notice] 34#34: exiting
2025/07/07 21:44:51 [notice] 27#27: exit
2025/07/07 21:44:51 [notice] 29#29: exit
2025/07/07 21:44:51 [notice] 31#31: exit
2025/07/07 21:44:51 [notice] 25#25: exit
2025/07/07 21:44:51 [notice] 34#34: exit
2025/07/07 21:44:51 [notice] 26#26: gracefully shutting down
2025/07/07 21:44:51 [notice] 28#28: gracefully shutting down
2025/07/07 21:44:51 [notice] 26#26: exiting
2025/07/07 21:44:51 [notice] 28#28: exiting
2025/07/07 21:44:51 [notice] 26#26: exit
2025/07/07 21:44:51 [notice] 28#28: exit
2025/07/07 21:44:51 [notice] 30#30: gracefully shutting down
2025/07/07 21:44:51 [notice] 32#32: gracefully shutting down
2025/07/07 21:44:51 [notice] 33#33: gracefully shutting down
2025/07/07 21:44:51 [notice] 30#30: exiting
2025/07/07 21:44:51 [notice] 32#32: exiting
2025/07/07 21:44:51 [notice] 33#33: exiting
2025/07/07 21:44:51 [notice] 24#24: exit
2025/07/07 21:44:51 [notice] 30#30: exit
2025/07/07 21:44:51 [notice] 32#32: exit
2025/07/07 21:44:51 [notice] 33#33: exit
2025/07/07 21:44:51 [notice] 35#35: gracefully shutting down
2025/07/07 21:44:51 [notice] 35#35: exiting
2025/07/07 21:44:51 [notice] 35#35: exit
2025/07/07 21:44:51 [notice] 1#1: signal 17 (SIGCHLD) received from 30
2025/07/07 21:44:51 [notice] 1#1: worker process 25 exited with code 0
2025/07/07 21:44:51 [notice] 1#1: worker process 26 exited with code 0
2025/07/07 21:44:51 [notice] 1#1: worker process 28 exited with code 0
2025/07/07 21:44:51 [notice] 1#1: worker process 30 exited with code 0
2025/07/07 21:44:51 [notice] 1#1: signal 29 (SIGIO) received
2025/07/07 21:44:51 [notice] 1#1: signal 17 (SIGCHLD) received from 24
2025/07/07 21:44:51 [notice] 1#1: worker process 24 exited with code 0
2025/07/07 21:44:51 [notice] 1#1: signal 29 (SIGIO) received
2025/07/07 21:44:51 [notice] 1#1: signal 17 (SIGCHLD) received from 34
2025/07/07 21:44:51 [notice] 1#1: worker process 33 exited with code 0
2025/07/07 21:44:51 [notice] 1#1: worker process 21 exited with code 0
2025/07/07 21:44:51 [notice] 1#1: worker process 23 exited with code 0
2025/07/07 21:44:51 [notice] 1#1: worker process 34 exited with code 0
2025/07/07 21:44:51 [notice] 1#1: signal 29 (SIGIO) received
2025/07/07 21:44:51 [notice] 1#1: signal 17 (SIGCHLD) received from 21
2025/07/07 21:44:51 [notice] 1#1: worker process 20 exited with code 0
2025/07/07 21:44:51 [notice] 1#1: worker process 22 exited with code 0
2025/07/07 21:44:51 [notice] 1#1: worker process 27 exited with code 0
2025/07/07 21:44:51 [notice] 1#1: signal 29 (SIGIO) received
2025/07/07 21:44:51 [notice] 1#1: signal 17 (SIGCHLD) received from 29
2025/07/07 21:44:51 [notice] 1#1: worker process 29 exited with code 0
2025/07/07 21:44:51 [notice] 1#1: worker process 32 exited with code 0
2025/07/07 21:44:51 [notice] 1#1: signal 29 (SIGIO) received
2025/07/07 21:44:51 [notice] 1#1: signal 17 (SIGCHLD) received from 31
2025/07/07 21:44:51 [notice] 1#1: worker process 31 exited with code 0
2025/07/07 21:44:51 [notice] 1#1: signal 29 (SIGIO) received
2025/07/07 21:44:51 [notice] 1#1: signal 17 (SIGCHLD) received from 35
2025/07/07 21:44:51 [notice] 1#1: worker process 35 exited with code 0
2025/07/07 21:44:51 [notice] 1#1: exit
2025/07/07 21:44:58 [notice] 1#1: using the "epoll" event method
2025/07/07 21:44:58 [notice] 1#1: nginx/1.27.5
2025/07/07 21:44:58 [notice] 1#1: built by gcc 14.2.0 (Alpine 14.2.0) 
2025/07/07 21:44:58 [notice] 1#1: OS: Linux 6.15.4-100.fc41.x86_64
2025/07/07 21:44:58 [notice] 1#1: getrlimit(RLIMIT_NOFILE): 1073741816:1073741816
2025/07/07 21:44:58 [notice] 1#1: start worker processes
2025/07/07 21:44:58 [notice] 1#1: start worker process 20
2025/07/07 21:44:58 [notice] 1#1: start worker process 21
2025/07/07 21:44:58 [notice] 1#1: start worker process 22
2025/07/07 21:44:58 [notice] 1#1: start worker process 23
2025/07/07 21:44:58 [notice] 1#1: start worker process 24
2025/07/07 21:44:58 [notice] 1#1: start worker process 25
2025/07/07 21:44:58 [notice] 1#1: start worker process 26
2025/07/07 21:44:58 [notice] 1#1: start worker process 27
2025/07/07 21:44:58 [notice] 1#1: start worker process 28
2025/07/07 21:44:58 [notice] 1#1: start worker process 29
2025/07/07 21:44:58 [notice] 1#1: start worker process 30
2025/07/07 21:44:58 [notice] 1#1: start worker process 31
2025/07/07 21:44:58 [notice] 1#1: start worker process 32
2025/07/07 21:44:58 [notice] 1#1: start worker process 33
2025/07/07 21:44:58 [notice] 1#1: start worker process 34
2025/07/07 21:44:58 [notice] 1#1: start worker process 35
2025/07/07 21:48:09 [notice] 1#1: signal 3 (SIGQUIT) received, shutting down
2025/07/07 21:48:09 [notice] 21#21: gracefully shutting down
2025/07/07 21:48:09 [notice] 22#22: gracefully shutting down
2025/07/07 21:48:09 [notice] 23#23: gracefully shutting down
2025/07/07 21:48:09 [notice] 24#24: gracefully shutting down
2025/07/07 21:48:09 [notice] 25#25: gracefully shutting down
2025/07/07 21:48:09 [notice] 29#29: gracefully shutting down
2025/07/07 21:48:09 [notice] 26#26: gracefully shutting down
2025/07/07 21:48:09 [notice] 31#31: gracefully shutting down
2025/07/07 21:48:09 [notice] 28#28: gracefully shutting down
2025/07/07 21:48:09 [notice] 30#30: gracefully shutting down
2025/07/07 21:48:09 [notice] 32#32: gracefully shutting down
2025/07/07 21:48:09 [notice] 33#33: gracefully shutting down
2025/07/07 21:48:09 [notice] 35#35: gracefully shutting down
2025/07/07 21:48:09 [notice] 23#23: exiting
2025/07/07 21:48:09 [notice] 22#22: exiting
2025/07/07 21:48:09 [notice] 27#27: gracefully shutting down
2025/07/07 21:48:09 [notice] 24#24: exiting
2025/07/07 21:48:09 [notice] 21#21: exiting
2025/07/07 21:48:09 [notice] 28#28: exiting
2025/07/07 21:48:09 [notice] 32#32: exiting
2025/07/07 21:48:09 [notice] 29#29: exiting
2025/07/07 21:48:09 [notice] 31#31: exiting
2025/07/07 21:48:09 [notice] 26#26: exiting
2025/07/07 21:48:09 [notice] 25#25: exiting
2025/07/07 21:48:09 [notice] 33#33: exiting
2025/07/07 21:48:09 [notice] 30#30: exiting
2025/07/07 21:48:09 [notice] 20#20: gracefully shutting down
2025/07/07 21:48:09 [notice] 27#27: exiting
2025/07/07 21:48:09 [notice] 34#34: gracefully shutting down
2025/07/07 21:48:09 [notice] 20#20: exiting
2025/07/07 21:48:09 [notice] 35#35: exiting
2025/07/07 21:48:09 [notice] 34#34: exiting
2025/07/07 21:48:09 [notice] 32#32: exit
2025/07/07 21:48:09 [notice] 27#27: exit
2025/07/07 21:48:09 [notice] 24#24: exit
2025/07/07 21:48:09 [notice] 34#34: exit
2025/07/07 21:48:09 [notice] 28#28: exit
2025/07/07 21:48:09 [notice] 23#23: exit
2025/07/07 21:48:09 [notice] 25#25: exit
2025/07/07 21:48:09 [notice] 35#35: exit
2025/07/07 21:48:09 [notice] 21#21: exit
2025/07/07 21:48:09 [notice] 30#30: exit
2025/07/07 21:48:09 [notice] 29#29: exit
2025/07/07 21:48:09 [notice] 31#31: exit
2025/07/07 21:48:09 [notice] 22#22: exit
2025/07/07 21:48:09 [notice] 20#20: exit
2025/07/07 21:48:09 [notice] 26#26: exit
2025/07/07 21:48:09 [notice] 33#33: exit
2025/07/07 21:48:09 [notice] 1#1: signal 17 (SIGCHLD) received from 22
2025/07/07 21:48:09 [notice] 1#1: worker process 20 exited with code 0
2025/07/07 21:48:09 [notice] 1#1: worker process 22 exited with code 0
2025/07/07 21:48:09 [notice] 1#1: worker process 24 exited with code 0
2025/07/07 21:48:09 [notice] 1#1: worker process 25 exited with code 0
2025/07/07 21:48:09 [notice] 1#1: worker process 26 exited with code 0
2025/07/07 21:48:09 [notice] 1#1: worker process 33 exited with code 0
2025/07/07 21:48:09 [notice] 1#1: signal 29 (SIGIO) received
2025/07/07 21:48:09 [notice] 1#1: signal 17 (SIGCHLD) received from 35
2025/07/07 21:48:09 [notice] 1#1: worker process 35 exited with code 0
2025/07/07 21:48:09 [notice] 1#1: signal 29 (SIGIO) received
2025/07/07 21:48:09 [notice] 1#1: signal 17 (SIGCHLD) received from 21
2025/07/07 21:48:09 [notice] 1#1: worker process 21 exited with code 0
2025/07/07 21:48:09 [notice] 1#1: worker process 23 exited with code 0
2025/07/07 21:48:09 [notice] 1#1: worker process 27 exited with code 0
2025/07/07 21:48:09 [notice] 1#1: worker process 29 exited with code 0
2025/07/07 21:48:09 [notice] 1#1: worker process 30 exited with code 0
2025/07/07 21:48:09 [notice] 1#1: worker process 31 exited with code 0
2025/07/07 21:48:09 [notice] 1#1: signal 29 (SIGIO) received
2025/07/07 21:48:09 [notice] 1#1: signal 17 (SIGCHLD) received from 23
2025/07/07 21:48:09 [notice] 1#1: worker process 28 exited with code 0
2025/07/07 21:48:09 [notice] 1#1: signal 29 (SIGIO) received
2025/07/07 21:48:09 [notice] 1#1: signal 17 (SIGCHLD) received from 34
2025/07/07 21:48:09 [notice] 1#1: worker process 34 exited with code 0
2025/07/07 21:48:09 [notice] 1#1: signal 17 (SIGCHLD) received from 32
2025/07/07 21:48:09 [notice] 1#1: worker process 32 exited with code 0
2025/07/07 21:48:09 [notice] 1#1: exit
2025/07/08 04:55:58 [notice] 1#1: using the "epoll" event method
2025/07/08 04:55:58 [notice] 1#1: nginx/1.27.5
2025/07/08 04:55:58 [notice] 1#1: built by gcc 14.2.0 (Alpine 14.2.0) 
2025/07/08 04:55:58 [notice] 1#1: OS: Linux 6.15.4-100.fc41.x86_64
2025/07/08 04:55:58 [notice] 1#1: getrlimit(RLIMIT_NOFILE): 1073741816:1073741816
2025/07/08 04:55:58 [notice] 1#1: start worker processes
2025/07/08 04:55:58 [notice] 1#1: start worker process 20
2025/07/08 04:55:58 [notice] 1#1: start worker process 21
2025/07/08 04:55:58 [notice] 1#1: start worker process 22
2025/07/08 04:55:58 [notice] 1#1: start worker process 23
2025/07/08 04:55:58 [notice] 1#1: start worker process 24
2025/07/08 04:55:58 [notice] 1#1: start worker process 25
2025/07/08 04:55:58 [notice] 1#1: start worker process 26
2025/07/08 04:55:58 [notice] 1#1: start worker process 27
2025/07/08 04:55:58 [notice] 1#1: start worker process 28
2025/07/08 04:55:58 [notice] 1#1: start worker process 29
2025/07/08 04:55:58 [notice] 1#1: start worker process 30
2025/07/08 04:55:58 [notice] 1#1: start worker process 31
2025/07/08 04:55:58 [notice] 1#1: start worker process 32
2025/07/08 04:55:58 [notice] 1#1: start worker process 33
2025/07/08 04:55:58 [notice] 1#1: start worker process 34
2025/07/08 04:55:58 [notice] 1#1: start worker process 35
2025/07/08 10:26:20 [notice] 1#1: signal 3 (SIGQUIT) received, shutting down
2025/07/08 10:26:20 [notice] 22#22: gracefully shutting down
2025/07/08 10:26:20 [notice] 24#24: gracefully shutting down
2025/07/08 10:26:20 [notice] 23#23: gracefully shutting down
2025/07/08 10:26:20 [notice] 25#25: gracefully shutting down
2025/07/08 10:26:20 [notice] 21#21: gracefully shutting down
2025/07/08 10:26:20 [notice] 28#28: gracefully shutting down
2025/07/08 10:26:20 [notice] 29#29: gracefully shutting down
2025/07/08 10:26:20 [notice] 27#27: gracefully shutting down
2025/07/08 10:26:20 [notice] 30#30: gracefully shutting down
2025/07/08 10:26:20 [notice] 31#31: gracefully shutting down
2025/07/08 10:26:20 [notice] 32#32: gracefully shutting down
2025/07/08 10:26:20 [notice] 26#26: gracefully shutting down
2025/07/08 10:26:20 [notice] 33#33: gracefully shutting down
2025/07/08 10:26:20 [notice] 20#20: gracefully shutting down
2025/07/08 10:26:20 [notice] 23#23: exiting
2025/07/08 10:26:20 [notice] 25#25: exiting
2025/07/08 10:26:20 [notice] 28#28: exiting
2025/07/08 10:26:20 [notice] 21#21: exiting
2025/07/08 10:26:20 [notice] 22#22: exiting
2025/07/08 10:26:20 [notice] 24#24: exiting
2025/07/08 10:26:20 [notice] 29#29: exiting
2025/07/08 10:26:20 [notice] 31#31: exiting
2025/07/08 10:26:20 [notice] 27#27: exiting
2025/07/08 10:26:20 [notice] 30#30: exiting
2025/07/08 10:26:20 [notice] 33#33: exiting
2025/07/08 10:26:20 [notice] 32#32: exiting
2025/07/08 10:26:20 [notice] 26#26: exiting
2025/07/08 10:26:20 [notice] 34#34: gracefully shutting down
2025/07/08 10:26:20 [notice] 35#35: gracefully shutting down
2025/07/08 10:26:20 [notice] 20#20: exiting
2025/07/08 10:26:20 [notice] 34#34: exiting
2025/07/08 10:26:20 [notice] 35#35: exiting
2025/07/08 10:26:20 [notice] 27#27: exit
2025/07/08 10:26:20 [notice] 32#32: exit
2025/07/08 10:26:20 [notice] 31#31: exit
2025/07/08 10:26:20 [notice] 30#30: exit
2025/07/08 10:26:20 [notice] 34#34: exit
2025/07/08 10:26:20 [notice] 25#25: exit
2025/07/08 10:26:20 [notice] 22#22: exit
2025/07/08 10:26:20 [notice] 21#21: exit
2025/07/08 10:26:20 [notice] 20#20: exit
2025/07/08 10:26:20 [notice] 33#33: exit
2025/07/08 10:26:20 [notice] 28#28: exit
2025/07/08 10:26:20 [notice] 24#24: exit
2025/07/08 10:26:20 [notice] 29#29: exit
2025/07/08 10:26:20 [notice] 35#35: exit
2025/07/08 10:26:20 [notice] 26#26: exit
2025/07/08 10:26:20 [notice] 23#23: exit
2025/07/08 10:26:20 [notice] 1#1: signal 17 (SIGCHLD) received from 22
2025/07/08 10:26:20 [notice] 1#1: worker process 22 exited with code 0
2025/07/08 10:26:20 [notice] 1#1: signal 29 (SIGIO) received
2025/07/08 10:26:20 [notice] 1#1: signal 17 (SIGCHLD) received from 30
2025/07/08 10:26:20 [notice] 1#1: worker process 27 exited with code 0
2025/07/08 10:26:20 [notice] 1#1: worker process 30 exited with code 0
2025/07/08 10:26:20 [notice] 1#1: worker process 21 exited with code 0
2025/07/08 10:26:20 [notice] 1#1: worker process 26 exited with code 0
2025/07/08 10:26:20 [notice] 1#1: worker process 28 exited with code 0
2025/07/08 10:26:20 [notice] 1#1: signal 29 (SIGIO) received
2025/07/08 10:26:20 [notice] 1#1: signal 17 (SIGCHLD) received from 21
2025/07/08 10:26:20 [notice] 1#1: signal 17 (SIGCHLD) received from 23
2025/07/08 10:26:20 [notice] 1#1: worker process 23 exited with code 0
2025/07/08 10:26:20 [notice] 1#1: worker process 24 exited with code 0
2025/07/08 10:26:20 [notice] 1#1: worker process 31 exited with code 0
2025/07/08 10:26:20 [notice] 1#1: worker process 32 exited with code 0
2025/07/08 10:26:20 [notice] 1#1: worker process 34 exited with code 0
2025/07/08 10:26:20 [notice] 1#1: worker process 35 exited with code 0
2025/07/08 10:26:20 [notice] 1#1: signal 29 (SIGIO) received
2025/07/08 10:26:20 [notice] 1#1: signal 17 (SIGCHLD) received from 24
2025/07/08 10:26:20 [notice] 1#1: worker process 33 exited with code 0
2025/07/08 10:26:20 [notice] 1#1: signal 29 (SIGIO) received
2025/07/08 10:26:20 [notice] 1#1: signal 17 (SIGCHLD) received from 29
2025/07/08 10:26:20 [notice] 1#1: worker process 25 exited with code 0
2025/07/08 10:26:20 [notice] 1#1: worker process 29 exited with code 0
2025/07/08 10:26:20 [notice] 1#1: signal 17 (SIGCHLD) received from 25
2025/07/08 10:26:20 [notice] 1#1: worker process 20 exited with code 0
2025/07/08 10:26:20 [notice] 1#1: exit
2025/07/13 07:10:23 [notice] 1#1: using the "epoll" event method
2025/07/13 07:10:23 [notice] 1#1: nginx/1.27.5
2025/07/13 07:10:23 [notice] 1#1: built by gcc 14.2.0 (Alpine 14.2.0) 
2025/07/13 07:10:23 [notice] 1#1: OS: Linux 6.15.4-100.fc41.x86_64
2025/07/13 07:10:23 [notice] 1#1: getrlimit(RLIMIT_NOFILE): 1073741816:1073741816
2025/07/13 07:10:23 [notice] 1#1: start worker processes
2025/07/13 07:10:23 [notice] 1#1: start worker process 20
2025/07/13 07:10:23 [notice] 1#1: start worker process 21
2025/07/13 07:10:23 [notice] 1#1: start worker process 22
2025/07/13 07:10:23 [notice] 1#1: start worker process 23
2025/07/13 07:10:23 [notice] 1#1: start worker process 24
2025/07/13 07:10:23 [notice] 1#1: start worker process 25
2025/07/13 07:10:23 [notice] 1#1: start worker process 26
2025/07/13 07:10:23 [notice] 1#1: start worker process 27
2025/07/13 07:10:23 [notice] 1#1: start worker process 28
2025/07/13 07:10:23 [notice] 1#1: start worker process 29
2025/07/13 07:10:23 [notice] 1#1: start worker process 30
2025/07/13 07:10:23 [notice] 1#1: start worker process 31
2025/07/13 07:10:23 [notice] 1#1: start worker process 32
2025/07/13 07:10:23 [notice] 1#1: start worker process 33
2025/07/13 07:10:23 [notice] 1#1: start worker process 34
2025/07/13 07:10:23 [notice] 1#1: start worker process 35
2025/07/13 08:01:41 [notice] 1#1: signal 3 (SIGQUIT) received, shutting down
2025/07/13 08:01:41 [notice] 20#20: gracefully shutting down
2025/07/13 08:01:41 [notice] 23#23: gracefully shutting down
2025/07/13 08:01:41 [notice] 21#21: gracefully shutting down
2025/07/13 08:01:41 [notice] 26#26: gracefully shutting down
2025/07/13 08:01:41 [notice] 24#24: gracefully shutting down
2025/07/13 08:01:41 [notice] 25#25: gracefully shutting down
2025/07/13 08:01:41 [notice] 28#28: gracefully shutting down
2025/07/13 08:01:41 [notice] 29#29: gracefully shutting down
2025/07/13 08:01:41 [notice] 27#27: gracefully shutting down
2025/07/13 08:01:41 [notice] 22#22: gracefully shutting down
2025/07/13 08:01:41 [notice] 32#32: gracefully shutting down
2025/07/13 08:01:41 [notice] 30#30: gracefully shutting down
2025/07/13 08:01:41 [notice] 31#31: gracefully shutting down
2025/07/13 08:01:41 [notice] 23#23: exiting
2025/07/13 08:01:41 [notice] 21#21: exiting
2025/07/13 08:01:41 [notice] 26#26: exiting
2025/07/13 08:01:41 [notice] 20#20: exiting
2025/07/13 08:01:41 [notice] 25#25: exiting
2025/07/13 08:01:41 [notice] 28#28: exiting
2025/07/13 08:01:41 [notice] 24#24: exiting
2025/07/13 08:01:41 [notice] 29#29: exiting
2025/07/13 08:01:41 [notice] 27#27: exiting
2025/07/13 08:01:41 [notice] 22#22: exiting
2025/07/13 08:01:41 [notice] 32#32: exiting
2025/07/13 08:01:41 [notice] 31#31: exiting
2025/07/13 08:01:41 [notice] 33#33: gracefully shutting down
2025/07/13 08:01:41 [notice] 34#34: gracefully shutting down
2025/07/13 08:01:41 [notice] 30#30: exiting
2025/07/13 08:01:41 [notice] 33#33: exiting
2025/07/13 08:01:41 [notice] 34#34: exiting
2025/07/13 08:01:41 [notice] 30#30: exit
2025/07/13 08:01:41 [notice] 33#33: exit
2025/07/13 08:01:41 [notice] 34#34: exit
2025/07/13 08:01:41 [notice] 35#35: gracefully shutting down
2025/07/13 08:01:41 [notice] 35#35: exiting
2025/07/13 08:01:41 [notice] 35#35: exit
2025/07/13 08:01:41 [notice] 31#31: exit
2025/07/13 08:01:41 [notice] 21#21: exit
2025/07/13 08:01:41 [notice] 25#25: exit
2025/07/13 08:01:41 [notice] 22#22: exit
2025/07/13 08:01:41 [notice] 28#28: exit
2025/07/13 08:01:41 [notice] 32#32: exit
2025/07/13 08:01:41 [notice] 23#23: exit
2025/07/13 08:01:41 [notice] 24#24: exit
2025/07/13 08:01:41 [notice] 27#27: exit
2025/07/13 08:01:41 [notice] 26#26: exit
2025/07/13 08:01:41 [notice] 29#29: exit
2025/07/13 08:01:41 [notice] 20#20: exit
2025/07/13 08:01:41 [notice] 1#1: signal 17 (SIGCHLD) received from 31
2025/07/13 08:01:41 [notice] 1#1: worker process 31 exited with code 0
2025/07/13 08:01:41 [notice] 1#1: worker process 20 exited with code 0
2025/07/13 08:01:41 [notice] 1#1: worker process 24 exited with code 0
2025/07/13 08:01:41 [notice] 1#1: worker process 29 exited with code 0
2025/07/13 08:01:41 [notice] 1#1: signal 29 (SIGIO) received
2025/07/13 08:01:41 [notice] 1#1: signal 17 (SIGCHLD) received from 29
2025/07/13 08:01:41 [notice] 1#1: signal 17 (SIGCHLD) received from 30
2025/07/13 08:01:41 [notice] 1#1: worker process 30 exited with code 0
2025/07/13 08:01:41 [notice] 1#1: worker process 26 exited with code 0
2025/07/13 08:01:41 [notice] 1#1: worker process 21 exited with code 0
2025/07/13 08:01:41 [notice] 1#1: worker process 32 exited with code 0
2025/07/13 08:01:41 [notice] 1#1: worker process 33 exited with code 0
2025/07/13 08:01:41 [notice] 1#1: worker process 34 exited with code 0
2025/07/13 08:01:41 [notice] 1#1: signal 29 (SIGIO) received
2025/07/13 08:01:41 [notice] 1#1: signal 17 (SIGCHLD) received from 34
2025/07/13 08:01:41 [notice] 1#1: signal 17 (SIGCHLD) received from 28
2025/07/13 08:01:41 [notice] 1#1: worker process 28 exited with code 0
2025/07/13 08:01:41 [notice] 1#1: signal 29 (SIGIO) received
2025/07/13 08:01:41 [notice] 1#1: signal 17 (SIGCHLD) received from 25
2025/07/13 08:01:41 [notice] 1#1: worker process 25 exited with code 0
2025/07/13 08:01:41 [notice] 1#1: signal 29 (SIGIO) received
2025/07/13 08:01:41 [notice] 1#1: signal 17 (SIGCHLD) received from 23
2025/07/13 08:01:41 [notice] 1#1: worker process 23 exited with code 0
2025/07/13 08:01:41 [notice] 1#1: signal 29 (SIGIO) received
2025/07/13 08:01:41 [notice] 1#1: signal 17 (SIGCHLD) received from 22
2025/07/13 08:01:41 [notice] 1#1: worker process 22 exited with code 0
2025/07/13 08:01:41 [notice] 1#1: worker process 35 exited with code 0
2025/07/13 08:01:41 [notice] 1#1: signal 17 (SIGCHLD) received from 27
2025/07/13 08:01:41 [notice] 1#1: worker process 27 exited with code 0
2025/07/13 08:01:41 [notice] 1#1: exit
2025/07/13 08:08:43 [notice] 1#1: using the "epoll" event method
2025/07/13 08:08:43 [notice] 1#1: nginx/1.27.5
2025/07/13 08:08:43 [notice] 1#1: built by gcc 14.2.0 (Alpine 14.2.0) 
2025/07/13 08:08:43 [notice] 1#1: OS: Linux 6.15.4-100.fc41.x86_64
2025/07/13 08:08:43 [notice] 1#1: getrlimit(RLIMIT_NOFILE): 1073741816:1073741816
2025/07/13 08:08:43 [notice] 1#1: start worker processes
2025/07/13 08:08:43 [notice] 1#1: start worker process 20
2025/07/13 08:08:43 [notice] 1#1: start worker process 21
2025/07/13 08:08:43 [notice] 1#1: start worker process 22
2025/07/13 08:08:43 [notice] 1#1: start worker process 23
2025/07/13 08:08:43 [notice] 1#1: start worker process 24
2025/07/13 08:08:43 [notice] 1#1: start worker process 25
2025/07/13 08:08:43 [notice] 1#1: start worker process 26
2025/07/13 08:08:43 [notice] 1#1: start worker process 27
2025/07/13 08:08:43 [notice] 1#1: start worker process 28
2025/07/13 08:08:43 [notice] 1#1: start worker process 29
2025/07/13 08:08:43 [notice] 1#1: start worker process 30
2025/07/13 08:08:43 [notice] 1#1: start worker process 31
2025/07/13 08:08:43 [notice] 1#1: start worker process 32
2025/07/13 08:08:43 [notice] 1#1: start worker process 33
2025/07/13 08:08:43 [notice] 1#1: start worker process 34
2025/07/13 08:08:43 [notice] 1#1: start worker process 35
2025/07/13 08:12:45 [notice] 1#1: signal 3 (SIGQUIT) received, shutting down
2025/07/13 08:12:45 [notice] 20#20: gracefully shutting down
2025/07/13 08:12:45 [notice] 22#22: gracefully shutting down
2025/07/13 08:12:45 [notice] 23#23: gracefully shutting down
2025/07/13 08:12:45 [notice] 21#21: gracefully shutting down
2025/07/13 08:12:45 [notice] 27#27: gracefully shutting down
2025/07/13 08:12:45 [notice] 25#25: gracefully shutting down
2025/07/13 08:12:45 [notice] 24#24: gracefully shutting down
2025/07/13 08:12:45 [notice] 28#28: gracefully shutting down
2025/07/13 08:12:45 [notice] 26#26: gracefully shutting down
2025/07/13 08:12:45 [notice] 29#29: gracefully shutting down
2025/07/13 08:12:45 [notice] 32#32: gracefully shutting down
2025/07/13 08:12:45 [notice] 30#30: gracefully shutting down
2025/07/13 08:12:45 [notice] 22#22: exiting
2025/07/13 08:12:45 [notice] 23#23: exiting
2025/07/13 08:12:45 [notice] 20#20: exiting
2025/07/13 08:12:45 [notice] 21#21: exiting
2025/07/13 08:12:45 [notice] 27#27: exiting
2025/07/13 08:12:45 [notice] 26#26: exiting
2025/07/13 08:12:45 [notice] 24#24: exiting
2025/07/13 08:12:45 [notice] 25#25: exiting
2025/07/13 08:12:45 [notice] 28#28: exiting
2025/07/13 08:12:45 [notice] 30#30: exiting
2025/07/13 08:12:45 [notice] 29#29: exiting
2025/07/13 08:12:45 [notice] 32#32: exiting
2025/07/13 08:12:45 [notice] 31#31: gracefully shutting down
2025/07/13 08:12:45 [notice] 34#34: gracefully shutting down
2025/07/13 08:12:45 [notice] 33#33: gracefully shutting down
2025/07/13 08:12:45 [notice] 35#35: gracefully shutting down
2025/07/13 08:12:45 [notice] 35#35: exiting
2025/07/13 08:12:45 [notice] 31#31: exiting
2025/07/13 08:12:45 [notice] 34#34: exiting
2025/07/13 08:12:45 [notice] 33#33: exiting
2025/07/13 08:12:45 [notice] 35#35: exit
2025/07/13 08:12:45 [notice] 33#33: exit
2025/07/13 08:12:45 [notice] 26#26: exit
2025/07/13 08:12:45 [notice] 27#27: exit
2025/07/13 08:12:45 [notice] 29#29: exit
2025/07/13 08:12:45 [notice] 25#25: exit
2025/07/13 08:12:45 [notice] 30#30: exit
2025/07/13 08:12:45 [notice] 24#24: exit
2025/07/13 08:12:45 [notice] 20#20: exit
2025/07/13 08:12:45 [notice] 28#28: exit
2025/07/13 08:12:45 [notice] 23#23: exit
2025/07/13 08:12:45 [notice] 22#22: exit
2025/07/13 08:12:45 [notice] 34#34: exit
2025/07/13 08:12:45 [notice] 21#21: exit
2025/07/13 08:12:45 [notice] 31#31: exit
2025/07/13 08:12:45 [notice] 32#32: exit
2025/07/13 08:12:45 [notice] 1#1: signal 17 (SIGCHLD) received from 21
2025/07/13 08:12:45 [notice] 1#1: worker process 21 exited with code 0
2025/07/13 08:12:45 [notice] 1#1: worker process 22 exited with code 0
2025/07/13 08:12:45 [notice] 1#1: worker process 27 exited with code 0
2025/07/13 08:12:45 [notice] 1#1: worker process 32 exited with code 0
2025/07/13 08:12:45 [notice] 1#1: worker process 34 exited with code 0
2025/07/13 08:12:45 [notice] 1#1: signal 29 (SIGIO) received
2025/07/13 08:12:45 [notice] 1#1: signal 17 (SIGCHLD) received from 27
2025/07/13 08:12:45 [notice] 1#1: signal 17 (SIGCHLD) received from 28
2025/07/13 08:12:45 [notice] 1#1: worker process 23 exited with code 0
2025/07/13 08:12:45 [notice] 1#1: worker process 26 exited with code 0
2025/07/13 08:12:45 [notice] 1#1: worker process 28 exited with code 0
2025/07/13 08:12:45 [notice] 1#1: worker process 29 exited with code 0
2025/07/13 08:12:45 [notice] 1#1: signal 29 (SIGIO) received
2025/07/13 08:12:45 [notice] 1#1: signal 17 (SIGCHLD) received from 25
2025/07/13 08:12:45 [notice] 1#1: worker process 25 exited with code 0
2025/07/13 08:12:45 [notice] 1#1: signal 29 (SIGIO) received
2025/07/13 08:12:45 [notice] 1#1: signal 17 (SIGCHLD) received from 24
2025/07/13 08:12:45 [notice] 1#1: worker process 24 exited with code 0
2025/07/13 08:12:45 [notice] 1#1: worker process 30 exited with code 0
2025/07/13 08:12:45 [notice] 1#1: worker process 31 exited with code 0
2025/07/13 08:12:45 [notice] 1#1: signal 29 (SIGIO) received
2025/07/13 08:12:45 [notice] 1#1: signal 17 (SIGCHLD) received from 30
2025/07/13 08:12:45 [notice] 1#1: signal 17 (SIGCHLD) received from 20
2025/07/13 08:12:45 [notice] 1#1: worker process 20 exited with code 0
2025/07/13 08:12:45 [notice] 1#1: worker process 33 exited with code 0
2025/07/13 08:12:45 [notice] 1#1: worker process 35 exited with code 0
2025/07/13 08:12:45 [notice] 1#1: exit
2025/07/13 08:13:23 [notice] 1#1: using the "epoll" event method
2025/07/13 08:13:23 [notice] 1#1: nginx/1.27.5
2025/07/13 08:13:23 [notice] 1#1: built by gcc 14.2.0 (Alpine 14.2.0) 
2025/07/13 08:13:23 [notice] 1#1: OS: Linux 6.15.4-100.fc41.x86_64
2025/07/13 08:13:23 [notice] 1#1: getrlimit(RLIMIT_NOFILE): 1073741816:1073741816
2025/07/13 08:13:23 [notice] 1#1: start worker processes
2025/07/13 08:13:23 [notice] 1#1: start worker process 20
2025/07/13 08:13:23 [notice] 1#1: start worker process 21
2025/07/13 08:13:23 [notice] 1#1: start worker process 22
2025/07/13 08:13:23 [notice] 1#1: start worker process 23
2025/07/13 08:13:23 [notice] 1#1: start worker process 24
2025/07/13 08:13:23 [notice] 1#1: start worker process 25
2025/07/13 08:13:23 [notice] 1#1: start worker process 26
2025/07/13 08:13:23 [notice] 1#1: start worker process 27
2025/07/13 08:13:23 [notice] 1#1: start worker process 28
2025/07/13 08:13:23 [notice] 1#1: start worker process 29
2025/07/13 08:13:23 [notice] 1#1: start worker process 30
2025/07/13 08:13:23 [notice] 1#1: start worker process 31
2025/07/13 08:13:23 [notice] 1#1: start worker process 32
2025/07/13 08:13:23 [notice] 1#1: start worker process 33
2025/07/13 08:13:23 [notice] 1#1: start worker process 34
2025/07/13 08:13:23 [notice] 1#1: start worker process 35
2025/07/13 08:14:16 [notice] 1#1: signal 3 (SIGQUIT) received, shutting down
2025/07/13 08:14:16 [notice] 22#22: gracefully shutting down
2025/07/13 08:14:16 [notice] 21#21: gracefully shutting down
2025/07/13 08:14:16 [notice] 22#22: exiting
2025/07/13 08:14:16 [notice] 21#21: exiting
2025/07/13 08:14:16 [notice] 25#25: gracefully shutting down
2025/07/13 08:14:16 [notice] 25#25: exiting
2025/07/13 08:14:16 [notice] 23#23: gracefully shutting down
2025/07/13 08:14:16 [notice] 27#27: gracefully shutting down
2025/07/13 08:14:16 [notice] 23#23: exiting
2025/07/13 08:14:16 [notice] 27#27: exiting
2025/07/13 08:14:16 [notice] 27#27: exit
2025/07/13 08:14:16 [notice] 23#23: exit
2025/07/13 08:14:16 [notice] 30#30: gracefully shutting down
2025/07/13 08:14:16 [notice] 34#34: gracefully shutting down
2025/07/13 08:14:16 [notice] 30#30: exiting
2025/07/13 08:14:16 [notice] 24#24: gracefully shutting down
2025/07/13 08:14:16 [notice] 28#28: gracefully shutting down
2025/07/13 08:14:16 [notice] 26#26: gracefully shutting down
2025/07/13 08:14:16 [notice] 34#34: exiting
2025/07/13 08:14:16 [notice] 24#24: exiting
2025/07/13 08:14:16 [notice] 28#28: exiting
2025/07/13 08:14:16 [notice] 26#26: exiting
2025/07/13 08:14:16 [notice] 30#30: exit
2025/07/13 08:14:16 [notice] 34#34: exit
2025/07/13 08:14:16 [notice] 28#28: exit
2025/07/13 08:14:16 [notice] 26#26: exit
2025/07/13 08:14:16 [notice] 24#24: exit
2025/07/13 08:14:16 [notice] 31#31: gracefully shutting down
2025/07/13 08:14:16 [notice] 32#32: gracefully shutting down
2025/07/13 08:14:16 [notice] 35#35: gracefully shutting down
2025/07/13 08:14:16 [notice] 31#31: exiting
2025/07/13 08:14:16 [notice] 32#32: exiting
2025/07/13 08:14:16 [notice] 35#35: exiting
2025/07/13 08:14:16 [notice] 31#31: exit
2025/07/13 08:14:16 [notice] 32#32: exit
2025/07/13 08:14:16 [notice] 35#35: exit
2025/07/13 08:14:16 [notice] 20#20: gracefully shutting down
2025/07/13 08:14:16 [notice] 20#20: exiting
2025/07/13 08:14:16 [notice] 21#21: exit
2025/07/13 08:14:16 [notice] 20#20: exit
2025/07/13 08:14:16 [notice] 22#22: exit
2025/07/13 08:14:16 [notice] 29#29: gracefully shutting down
2025/07/13 08:14:16 [notice] 29#29: exiting
2025/07/13 08:14:16 [notice] 29#29: exit
2025/07/13 08:14:16 [notice] 33#33: gracefully shutting down
2025/07/13 08:14:16 [notice] 33#33: exiting
2025/07/13 08:14:16 [notice] 33#33: exit
2025/07/13 08:14:16 [notice] 25#25: exit
2025/07/13 08:14:16 [notice] 1#1: signal 17 (SIGCHLD) received from 21
2025/07/13 08:14:16 [notice] 1#1: worker process 21 exited with code 0
2025/07/13 08:14:16 [notice] 1#1: signal 29 (SIGIO) received
2025/07/13 08:14:16 [notice] 1#1: signal 17 (SIGCHLD) received from 35
2025/07/13 08:14:16 [notice] 1#1: worker process 35 exited with code 0
2025/07/13 08:14:16 [notice] 1#1: signal 29 (SIGIO) received
2025/07/13 08:14:16 [notice] 1#1: signal 17 (SIGCHLD) received from 32
2025/07/13 08:14:16 [notice] 1#1: worker process 32 exited with code 0
2025/07/13 08:14:16 [notice] 1#1: signal 29 (SIGIO) received
2025/07/13 08:14:16 [notice] 1#1: signal 17 (SIGCHLD) received from 29
2025/07/13 08:14:16 [notice] 1#1: worker process 20 exited with code 0
2025/07/13 08:14:16 [notice] 1#1: worker process 22 exited with code 0
2025/07/13 08:14:16 [notice] 1#1: worker process 23 exited with code 0
2025/07/13 08:14:16 [notice] 1#1: worker process 24 exited with code 0
2025/07/13 08:14:16 [notice] 1#1: worker process 25 exited with code 0
2025/07/13 08:14:16 [notice] 1#1: worker process 26 exited with code 0
2025/07/13 08:14:16 [notice] 1#1: worker process 27 exited with code 0
2025/07/13 08:14:16 [notice] 1#1: worker process 28 exited with code 0
2025/07/13 08:14:16 [notice] 1#1: worker process 29 exited with code 0
2025/07/13 08:14:16 [notice] 1#1: worker process 30 exited with code 0
2025/07/13 08:14:16 [notice] 1#1: worker process 31 exited with code 0
2025/07/13 08:14:16 [notice] 1#1: worker process 33 exited with code 0
2025/07/13 08:14:16 [notice] 1#1: worker process 34 exited with code 0
2025/07/13 08:14:16 [notice] 1#1: exit
2025/07/13 08:14:24 [notice] 1#1: using the "epoll" event method
2025/07/13 08:14:24 [notice] 1#1: nginx/1.27.5
2025/07/13 08:14:24 [notice] 1#1: built by gcc 14.2.0 (Alpine 14.2.0) 
2025/07/13 08:14:24 [notice] 1#1: OS: Linux 6.15.4-100.fc41.x86_64
2025/07/13 08:14:24 [notice] 1#1: getrlimit(RLIMIT_NOFILE): 1073741816:1073741816
2025/07/13 08:14:24 [notice] 1#1: start worker processes
2025/07/13 08:14:24 [notice] 1#1: start worker process 20
2025/07/13 08:14:24 [notice] 1#1: start worker process 21
2025/07/13 08:14:24 [notice] 1#1: start worker process 22
2025/07/13 08:14:24 [notice] 1#1: start worker process 23
2025/07/13 08:14:24 [notice] 1#1: start worker process 24
2025/07/13 08:14:24 [notice] 1#1: start worker process 25
2025/07/13 08:14:24 [notice] 1#1: start worker process 26
2025/07/13 08:14:24 [notice] 1#1: start worker process 27
2025/07/13 08:14:24 [notice] 1#1: start worker process 28
2025/07/13 08:14:24 [notice] 1#1: start worker process 29
2025/07/13 08:14:24 [notice] 1#1: start worker process 30
2025/07/13 08:14:24 [notice] 1#1: start worker process 31
2025/07/13 08:14:24 [notice] 1#1: start worker process 32
2025/07/13 08:14:24 [notice] 1#1: start worker process 33
2025/07/13 08:14:24 [notice] 1#1: start worker process 34
2025/07/13 08:14:24 [notice] 1#1: start worker process 35
2025/07/13 09:35:57 [notice] 1#1: signal 3 (SIGQUIT) received, shutting down
2025/07/13 09:35:57 [notice] 20#20: gracefully shutting down
2025/07/13 09:35:57 [notice] 21#21: gracefully shutting down
2025/07/13 09:35:57 [notice] 20#20: exiting
2025/07/13 09:35:57 [notice] 21#21: exiting
2025/07/13 09:35:57 [notice] 21#21: exit
2025/07/13 09:35:57 [notice] 20#20: exit
2025/07/13 09:35:57 [notice] 23#23: gracefully shutting down
2025/07/13 09:35:57 [notice] 25#25: gracefully shutting down
2025/07/13 09:35:57 [notice] 24#24: gracefully shutting down
2025/07/13 09:35:57 [notice] 23#23: exiting
2025/07/13 09:35:57 [notice] 24#24: exiting
2025/07/13 09:35:57 [notice] 25#25: exiting
2025/07/13 09:35:57 [notice] 28#28: gracefully shutting down
2025/07/13 09:35:57 [notice] 32#32: gracefully shutting down
2025/07/13 09:35:57 [notice] 22#22: gracefully shutting down
2025/07/13 09:35:57 [notice] 35#35: gracefully shutting down
2025/07/13 09:35:57 [notice] 32#32: exiting
2025/07/13 09:35:57 [notice] 22#22: exiting
2025/07/13 09:35:57 [notice] 35#35: exiting
2025/07/13 09:35:57 [notice] 23#23: exit
2025/07/13 09:35:57 [notice] 24#24: exit
2025/07/13 09:35:57 [notice] 26#26: gracefully shutting down
2025/07/13 09:35:57 [notice] 32#32: exit
2025/07/13 09:35:57 [notice] 26#26: exiting
2025/07/13 09:35:57 [notice] 30#30: gracefully shutting down
2025/07/13 09:35:57 [notice] 25#25: exit
2025/07/13 09:35:57 [notice] 34#34: gracefully shutting down
2025/07/13 09:35:57 [notice] 35#35: exit
2025/07/13 09:35:57 [notice] 22#22: exit
2025/07/13 09:35:57 [notice] 30#30: exiting
2025/07/13 09:35:57 [notice] 34#34: exiting
2025/07/13 09:35:57 [notice] 27#27: gracefully shutting down
2025/07/13 09:35:57 [notice] 26#26: exit
2025/07/13 09:35:57 [notice] 27#27: exiting
2025/07/13 09:35:57 [notice] 34#34: exit
2025/07/13 09:35:57 [notice] 30#30: exit
2025/07/13 09:35:57 [notice] 27#27: exit
2025/07/13 09:35:57 [notice] 29#29: gracefully shutting down
2025/07/13 09:35:57 [notice] 29#29: exiting
2025/07/13 09:35:57 [notice] 31#31: gracefully shutting down
2025/07/13 09:35:57 [notice] 29#29: exit
2025/07/13 09:35:57 [notice] 31#31: exiting
2025/07/13 09:35:57 [notice] 31#31: exit
2025/07/13 09:35:57 [notice] 28#28: exiting
2025/07/13 09:35:57 [notice] 28#28: exit
2025/07/13 09:35:57 [notice] 33#33: gracefully shutting down
2025/07/13 09:35:57 [notice] 33#33: exiting
2025/07/13 09:35:57 [notice] 33#33: exit
2025/07/13 09:35:57 [notice] 1#1: signal 17 (SIGCHLD) received from 23
2025/07/13 09:35:57 [notice] 1#1: worker process 20 exited with code 0
2025/07/13 09:35:57 [notice] 1#1: worker process 23 exited with code 0
2025/07/13 09:35:57 [notice] 1#1: worker process 26 exited with code 0
2025/07/13 09:35:57 [notice] 1#1: worker process 27 exited with code 0
2025/07/13 09:35:57 [notice] 1#1: worker process 29 exited with code 0
2025/07/13 09:35:57 [notice] 1#1: signal 29 (SIGIO) received
2025/07/13 09:35:57 [notice] 1#1: signal 17 (SIGCHLD) received from 26
2025/07/13 09:35:57 [notice] 1#1: signal 17 (SIGCHLD) received from 30
2025/07/13 09:35:57 [notice] 1#1: worker process 30 exited with code 0
2025/07/13 09:35:57 [notice] 1#1: signal 29 (SIGIO) received
2025/07/13 09:35:57 [notice] 1#1: signal 17 (SIGCHLD) received from 35
2025/07/13 09:35:57 [notice] 1#1: worker process 35 exited with code 0
2025/07/13 09:35:57 [notice] 1#1: worker process 24 exited with code 0
2025/07/13 09:35:57 [notice] 1#1: worker process 25 exited with code 0
2025/07/13 09:35:57 [notice] 1#1: worker process 28 exited with code 0
2025/07/13 09:35:57 [notice] 1#1: signal 29 (SIGIO) received
2025/07/13 09:35:57 [notice] 1#1: signal 17 (SIGCHLD) received from 25
2025/07/13 09:35:57 [notice] 1#1: signal 17 (SIGCHLD) received from 21
2025/07/13 09:35:57 [notice] 1#1: worker process 21 exited with code 0
2025/07/13 09:35:57 [notice] 1#1: worker process 22 exited with code 0
2025/07/13 09:35:57 [notice] 1#1: worker process 31 exited with code 0
2025/07/13 09:35:57 [notice] 1#1: worker process 32 exited with code 0
2025/07/13 09:35:57 [notice] 1#1: worker process 33 exited with code 0
2025/07/13 09:35:57 [notice] 1#1: signal 29 (SIGIO) received
2025/07/13 09:35:57 [notice] 1#1: signal 17 (SIGCHLD) received from 22
2025/07/13 09:35:57 [notice] 1#1: signal 17 (SIGCHLD) received from 34
2025/07/13 09:35:57 [notice] 1#1: worker process 34 exited with code 0
2025/07/13 09:35:57 [notice] 1#1: exit
2025/07/13 09:36:11 [notice] 1#1: using the "epoll" event method
2025/07/13 09:36:11 [notice] 1#1: nginx/1.27.5
2025/07/13 09:36:11 [notice] 1#1: built by gcc 14.2.0 (Alpine 14.2.0) 
2025/07/13 09:36:11 [notice] 1#1: OS: Linux 6.15.4-100.fc41.x86_64
2025/07/13 09:36:11 [notice] 1#1: getrlimit(RLIMIT_NOFILE): 1073741816:1073741816
2025/07/13 09:36:11 [notice] 1#1: start worker processes
2025/07/13 09:36:11 [notice] 1#1: start worker process 20
2025/07/13 09:36:11 [notice] 1#1: start worker process 21
2025/07/13 09:36:11 [notice] 1#1: start worker process 22
2025/07/13 09:36:11 [notice] 1#1: start worker process 23
2025/07/13 09:36:11 [notice] 1#1: start worker process 24
2025/07/13 09:36:11 [notice] 1#1: start worker process 25
2025/07/13 09:36:11 [notice] 1#1: start worker process 26
2025/07/13 09:36:11 [notice] 1#1: start worker process 27
2025/07/13 09:36:11 [notice] 1#1: start worker process 28
2025/07/13 09:36:11 [notice] 1#1: start worker process 29
2025/07/13 09:36:11 [notice] 1#1: start worker process 30
2025/07/13 09:36:11 [notice] 1#1: start worker process 31
2025/07/13 09:36:11 [notice] 1#1: start worker process 32
2025/07/13 09:36:11 [notice] 1#1: start worker process 33
2025/07/13 09:36:11 [notice] 1#1: start worker process 34
2025/07/13 09:36:11 [notice] 1#1: start worker process 35
2025/07/13 10:47:52 [notice] 1#1: signal 3 (SIGQUIT) received, shutting down
2025/07/13 10:47:52 [notice] 20#20: gracefully shutting down
2025/07/13 10:47:52 [notice] 22#22: gracefully shutting down
2025/07/13 10:47:52 [notice] 21#21: gracefully shutting down
2025/07/13 10:47:52 [notice] 23#23: gracefully shutting down
2025/07/13 10:47:52 [notice] 24#24: gracefully shutting down
2025/07/13 10:47:52 [notice] 26#26: gracefully shutting down
2025/07/13 10:47:52 [notice] 27#27: gracefully shutting down
2025/07/13 10:47:52 [notice] 25#25: gracefully shutting down
2025/07/13 10:47:52 [notice] 22#22: exiting
2025/07/13 10:47:52 [notice] 21#21: exiting
2025/07/13 10:47:52 [notice] 20#20: exiting
2025/07/13 10:47:52 [notice] 24#24: exiting
2025/07/13 10:47:52 [notice] 23#23: exiting
2025/07/13 10:47:52 [notice] 26#26: exiting
2025/07/13 10:47:52 [notice] 27#27: exiting
2025/07/13 10:47:52 [notice] 25#25: exiting
2025/07/13 10:47:52 [notice] 28#28: gracefully shutting down
2025/07/13 10:47:52 [notice] 30#30: gracefully shutting down
2025/07/13 10:47:52 [notice] 29#29: gracefully shutting down
2025/07/13 10:47:52 [notice] 32#32: gracefully shutting down
2025/07/13 10:47:52 [notice] 33#33: gracefully shutting down
2025/07/13 10:47:52 [notice] 34#34: gracefully shutting down
2025/07/13 10:47:52 [notice] 28#28: exiting
2025/07/13 10:47:52 [notice] 21#21: exit
2025/07/13 10:47:52 [notice] 32#32: exiting
2025/07/13 10:47:52 [notice] 33#33: exiting
2025/07/13 10:47:52 [notice] 29#29: exiting
2025/07/13 10:47:52 [notice] 30#30: exiting
2025/07/13 10:47:52 [notice] 34#34: exiting
2025/07/13 10:47:52 [notice] 29#29: exit
2025/07/13 10:47:52 [notice] 34#34: exit
2025/07/13 10:47:52 [notice] 30#30: exit
2025/07/13 10:47:52 [notice] 33#33: exit
2025/07/13 10:47:52 [notice] 20#20: exit
2025/07/13 10:47:52 [notice] 23#23: exit
2025/07/13 10:47:52 [notice] 25#25: exit
2025/07/13 10:47:52 [notice] 31#31: gracefully shutting down
2025/07/13 10:47:52 [notice] 26#26: exit
2025/07/13 10:47:52 [notice] 32#32: exit
2025/07/13 10:47:52 [notice] 28#28: exit
2025/07/13 10:47:52 [notice] 22#22: exit
2025/07/13 10:47:52 [notice] 27#27: exit
2025/07/13 10:47:52 [notice] 24#24: exit
2025/07/13 10:47:52 [notice] 35#35: gracefully shutting down
2025/07/13 10:47:52 [notice] 35#35: exiting
2025/07/13 10:47:52 [notice] 35#35: exit
2025/07/13 10:47:52 [notice] 31#31: exiting
2025/07/13 10:47:52 [notice] 31#31: exit
2025/07/13 10:47:52 [notice] 1#1: signal 17 (SIGCHLD) received from 30
2025/07/13 10:47:52 [notice] 1#1: worker process 30 exited with code 0
2025/07/13 10:47:52 [notice] 1#1: signal 29 (SIGIO) received
2025/07/13 10:47:52 [notice] 1#1: signal 17 (SIGCHLD) received from 31
2025/07/13 10:47:52 [notice] 1#1: worker process 31 exited with code 0
2025/07/13 10:47:52 [notice] 1#1: signal 29 (SIGIO) received
2025/07/13 10:47:52 [notice] 1#1: signal 17 (SIGCHLD) received from 26
2025/07/13 10:47:52 [notice] 1#1: worker process 20 exited with code 0
2025/07/13 10:47:52 [notice] 1#1: worker process 26 exited with code 0
2025/07/13 10:47:52 [notice] 1#1: worker process 33 exited with code 0
2025/07/13 10:47:52 [notice] 1#1: signal 29 (SIGIO) received
2025/07/13 10:47:52 [notice] 1#1: signal 17 (SIGCHLD) received from 20
2025/07/13 10:47:52 [notice] 1#1: worker process 23 exited with code 0
2025/07/13 10:47:52 [notice] 1#1: signal 29 (SIGIO) received
2025/07/13 10:47:52 [notice] 1#1: signal 17 (SIGCHLD) received from 23
2025/07/13 10:47:52 [notice] 1#1: worker process 32 exited with code 0
2025/07/13 10:47:52 [notice] 1#1: signal 29 (SIGIO) received
2025/07/13 10:47:52 [notice] 1#1: signal 17 (SIGCHLD) received from 32
2025/07/13 10:47:52 [notice] 1#1: signal 17 (SIGCHLD) received from 28
2025/07/13 10:47:52 [notice] 1#1: worker process 28 exited with code 0
2025/07/13 10:47:52 [notice] 1#1: worker process 29 exited with code 0
2025/07/13 10:47:52 [notice] 1#1: worker process 35 exited with code 0
2025/07/13 10:47:52 [notice] 1#1: signal 29 (SIGIO) received
2025/07/13 10:47:52 [notice] 1#1: signal 17 (SIGCHLD) received from 35
2025/07/13 10:47:52 [notice] 1#1: signal 17 (SIGCHLD) received from 22
2025/07/13 10:47:52 [notice] 1#1: worker process 22 exited with code 0
2025/07/13 10:47:52 [notice] 1#1: worker process 24 exited with code 0
2025/07/13 10:47:52 [notice] 1#1: signal 29 (SIGIO) received
2025/07/13 10:47:52 [notice] 1#1: signal 17 (SIGCHLD) received from 24
2025/07/13 10:47:52 [notice] 1#1: signal 17 (SIGCHLD) received from 27
2025/07/13 10:47:52 [notice] 1#1: worker process 27 exited with code 0
2025/07/13 10:47:52 [notice] 1#1: signal 17 (SIGCHLD) received from 34
2025/07/13 10:47:52 [notice] 1#1: worker process 21 exited with code 0
2025/07/13 10:47:52 [notice] 1#1: worker process 25 exited with code 0
2025/07/13 10:47:52 [notice] 1#1: worker process 34 exited with code 0
2025/07/13 10:47:52 [notice] 1#1: exit
